<?xml version="1.0" encoding="UTF-8"?>
<TestRun id="6607b92b-1696-4f66-ba2b-4693925c35e3" name="dbalseiro@DELL-VM-WIN7 2014-08-13 15:56:10" runUser="dell-vm-win7\dbalseiro" xmlns="http://microsoft.com/schemas/VisualStudio/TeamTest/2006">
  <TestRunConfiguration name="Default Run Configuration" id="799889a7-c39e-45b2-9762-2852368e78b6">
    <Deployment runDeploymentRoot="C:\workspace\MercedesBenz\git\MembershipProject\TestResults\dbalseiro_DELL-VM-WIN7 2014-08-13 15_56_10">
      <DeploymentItem filename="C:\workspace\MercedesBenz\git\MembershipProject\MembershipWeb\bin\MembershipWeb.dll" />
    </Deployment>
    <Hosts skipUnhostableTests="false" />
    <TestTypeSpecific />
  </TestRunConfiguration>
  <ResultSummary outcome="Failed">
    <Counters total="1" executed="1" error="0" failed="1" timeout="0" aborted="0" inconclusive="0" passedButRunAborted="0" notRunnable="0" notExecuted="0" disconnected="0" warning="0" passed="0" completed="0" inProgress="0" pending="0" />
  </ResultSummary>
  <Times creation="2014-08-13T15:56:10.7760776-03:00" queuing="2014-08-13T15:56:10.9323276-03:00" start="2014-08-13T15:56:11.0104526-03:00" finish="2014-08-13T15:56:11.5104526-03:00" />
  <TestDefinitions>
    <UnitTest name="Index" storage="c:\workspace\mercedesbenz\git\membershipproject\membershipweb.tests\bin\release\membershipweb.tests.dll" id="6ef2e101-9bac-a491-83c1-74fe289e89c8">
      <Css projectStructure="" iteration="" />
      <Owners>
        <Owner name="" />
      </Owners>
      <Execution id="1befa9e2-cd6d-495e-b871-672643e2ea86" />
      <TestMethod codeBase="C:\workspace\MercedesBenz\git\MembershipProject\MembershipWeb.Tests\bin\Release\MembershipWeb.Tests.dll" adapterTypeName="Microsoft.VisualStudio.TestTools.TestTypes.Unit.UnitTestAdapter, Microsoft.VisualStudio.QualityTools.Tips.UnitTest.Adapter, Version=9.0.0.0, Culture=neutral, PublicKeyToken=b03f5f7f11d50a3a" className="MembershipWeb.Tests.Controllers.HomeControllerTest, MembershipWeb.Tests" name="Index" />
    </UnitTest>
  </TestDefinitions>
  <TestLists>
    <TestList name="Results Not in a List" id="8c84fa94-04c1-424b-9868-57a2d4851a1d" />
    <TestList name="All Loaded Results" id="19431567-8539-422a-85d7-44ee4e166bda" />
  </TestLists>
  <TestEntries>
    <TestEntry testId="6ef2e101-9bac-a491-83c1-74fe289e89c8" executionId="1befa9e2-cd6d-495e-b871-672643e2ea86" testListId="8c84fa94-04c1-424b-9868-57a2d4851a1d" />
  </TestEntries>
  <Results>
    <UnitTestResult executionId="1befa9e2-cd6d-495e-b871-672643e2ea86" testId="6ef2e101-9bac-a491-83c1-74fe289e89c8" testName="Index" computerName="DELL-VM-WIN7" duration="00:00:00.1941021" startTime="2014-08-13T15:56:11.0417026-03:00" endTime="2014-08-13T15:56:11.3854526-03:00" testType="13cdc9d9-ddb5-4fa4-a97d-d965ccfc6d4b" outcome="Failed" testListId="8c84fa94-04c1-424b-9868-57a2d4851a1d">
      <Output>
        <ErrorInfo>
          <Message>Assert.AreEqual failed. Expected:&lt;Welcome to ASP.NET MVC!&gt;. Actual:&lt;Membership WEB&gt;. </Message>
          <StackTrace>   en MembershipWeb.Tests.Controllers.HomeControllerTest.Index() en C:\workspace\MercedesBenz\git\MembershipProject\MembershipWeb.Tests\Controllers\HomeControllerTest.cs:línea 26
</StackTrace>
        </ErrorInfo>
      </Output>
    </UnitTestResult>
  </Results>
</TestRun>